Arguments: 
  C:\Program Files\nodejs\node.exe C:\Program Files (x86)\Yarn\bin\yarn.js init

PATH: 
  C:\Python311\Scripts\;C:\Python311\;C:\Windows\system32;C:\Windows;C:\Windows\System32\Wbem;C:\Windows\System32\WindowsPowerShell\v1.0\;C:\Windows\System32\OpenSSH\;C:\Program Files\Git\cmd;C:\Program Files\nodejs\;C:\ProgramData\chocolatey\bin;C:\Program Files\Microsoft SQL Server\Client SDK\ODBC\170\Tools\Binn\;C:\Program Files (x86)\Microsoft SQL Server\150\Tools\Binn\;C:\Program Files\Microsoft SQL Server\150\Tools\Binn\;C:\Program Files\Microsoft SQL Server\150\DTS\Binn\;C:\Program Files (x86)\Microsoft SQL Server\150\DTS\Binn\;C:\Program Files\Azure Data Studio\bin;C:\Program Files\MySQL\MySQL Server 8.0\bin;C:\Program Files (x86)\Yarn\bin\;C:\Users\joaor\AppData\Local\Microsoft\WindowsApps;;C:\Users\joaor\AppData\Local\Programs\Microsoft VS Code\bin;C:\Users\joaor\AppData\Roaming\npm;C:\Program Files\Azure Data Studio\bin;C:\Users\joaor\AppData\Local\Yarn\bin;C:\Users\joaor\AppData\Local\Programs\Hyper\resources\bin;C:\Program Files\JetBrains\IntelliJ IDEA 2022.2.4\bin;

Yarn version: 
  1.22.19

Node version: 
  18.12.1

Platform: 
  win32 x64

Trace: 
  TypeError [ERR_INVALID_ARG_TYPE]: The "path" argument must be of type string. Received [Object: null prototype]
      at new NodeError (node:internal/errors:393:5)
      at validateString (node:internal/validators:163:11)
      at Object.isAbsolute (node:path:403:5)
      at module.exports.exports.default (C:\Program Files (x86)\Yarn\lib\cli.js:97087:16)
      at C:\Program Files (x86)\Yarn\lib\cli.js:51330:63
      at Generator.next (<anonymous>)
      at step (C:\Program Files (x86)\Yarn\lib\cli.js:310:30)
      at C:\Program Files (x86)\Yarn\lib\cli.js:321:13

npm manifest: 
  {
    "dependencies": {
      "@types/node": "^18.11.9",
      "ts-node": "^10.9.1",
      "ts-node-dev": "^2.0.0",
      "typescript": "^4.9.3",
      "scripts": {
        "build": "tsc",
        "dev": "ts-node-dev --respawn --transpile-only --ignore-watch node_modules --no-notify src/index.ts"
      }
    }
  }

yarn manifest: 
  No manifest

Lockfile: 
  No lockfile
